2024-12-04 20:15:31.115 | INFO     | model:build_model:11 - Starting Building Model
2024-12-04 20:15:31.134 | INFO     | preparation:prepare_data:8 - Starting Pre Process Pipeline
2024-12-04 20:15:31.135 | INFO     | collection:load_data_from_db:20 - Extracting the table from the database
2024-12-04 20:15:31.191 | INFO     | preparation:encode_cat_cols:23 - Encoding categorical columns {cols} 
2024-12-04 20:15:31.256 | INFO     | preparation:parse_garden_col:33 - Parsing Garden Column
2024-12-04 20:15:31.267 | INFO     | model:get_X_y:32 - Defining X and y Variable
2024-12-04 20:15:31.267 | INFO     | model:split_train_split:36 - Train and test split 
2024-12-04 20:15:31.289 | INFO     | model:train_model:41 - Training the model with hyper parameters
2024-12-04 20:16:16.553 | INFO     | model:evaluate_model:54 - Evaluating model performance. Score =0.6308688217022865
2024-12-04 20:16:16.589 | INFO     | model:save_model:59 - Saving the model to dir models/rf_db_v1
2024-12-04 20:16:16.650 | INFO     | model_service:load_model:16 - Checking the existence of model config at models/rf_db_v1
2024-12-04 20:16:16.653 | INFO     | model_service:load_model:27 - Model exists config file loading
2024-12-04 20:16:16.729 | INFO     | model_service:predict:34 - Making Prediction
2024-12-04 20:16:16.786 | INFO     | __main__:main:12 - Prediction is [1850.03531343]
2024-12-04 20:24:22.639 | INFO     | model:build_model:11 - Starting Building Model
2024-12-04 20:24:22.641 | INFO     | preparation:prepare_data:8 - Starting Pre Process Pipeline
2024-12-04 20:24:22.641 | INFO     | collection:load_data_from_db:20 - Extracting the table from the database
2024-12-04 20:24:22.691 | INFO     | preparation:encode_cat_cols:23 - Encoding categorical columns {cols} 
2024-12-04 20:24:22.715 | INFO     | preparation:parse_garden_col:33 - Parsing Garden Column
2024-12-04 20:24:22.724 | INFO     | model:get_X_y:32 - Defining X and y Variable
2024-12-04 20:24:22.724 | INFO     | model:split_train_split:36 - Train and test split 
2024-12-04 20:24:22.731 | INFO     | model:train_model:41 - Training the model with hyper parameters
2024-12-04 20:24:50.916 | INFO     | model:evaluate_model:54 - Evaluating model performance. Score =0.734119064530135
2024-12-04 20:24:50.932 | INFO     | model:save_model:59 - Saving the model to dir models/rf_db_v1
2024-12-04 20:24:50.958 | INFO     | model_service:load_model:16 - Checking the existence of model config at models/rf_db_v1
2024-12-04 20:24:50.965 | INFO     | model_service:load_model:27 - Model exists config file loading
2024-12-04 20:24:51.025 | INFO     | model_service:predict:34 - Making Prediction
2024-12-04 20:24:51.031 | INFO     | __main__:main:12 - Prediction is [2015.97304563]
